#
# There is insufficient memory for the Java Runtime Environment to continue.
# Native memory allocation (malloc) failed to allocate 89728 bytes for Chunk::new
# Possible reasons:
#   The system is out of physical RAM or swap space
#   The process is running with CompressedOops enabled, and the Java Heap may be blocking the growth of the native heap
# Possible solutions:
#   Reduce memory load on the system
#   Increase physical memory or swap space
#   Check if swap backing store is full
#   Decrease Java heap size (-Xmx/-Xms)
#   Decrease number of Java threads
#   Decrease Java thread stack sizes (-Xss)
#   Set larger code cache with -XX:ReservedCodeCacheSize=
#   JVM is running with Unscaled Compressed Oops mode in which the Java heap is
#     placed in the first 4GB address space. The Java Heap base address is the
#     maximum limit for the native heap growth. Please use -XX:HeapBaseMinAddress
#     to set the Java Heap base and to place the Java Heap above 4GB virtual address.
# This output file may be truncated or incomplete.
#
#  Out of Memory Error (allocation.cpp:389), pid=22784, tid=0x000000000000480c
#
# JRE version: Java(TM) SE Runtime Environment (8.0_261-b12) (build 1.8.0_261-b12)
# Java VM: Java HotSpot(TM) 64-Bit Server VM (25.261-b12 mixed mode windows-amd64 compressed oops)
# Failed to write core dump. Minidumps are not enabled by default on client versions of Windows
#

---------------  T H R E A D  ---------------

Current thread (0x0000023e6b19c000):  JavaThread "C2 CompilerThread2" daemon [_thread_in_native, id=18444, stack(0x0000005218700000,0x0000005218800000)]

Stack: [0x0000005218700000,0x0000005218800000]
Native frames: (J=compiled Java code, j=interpreted, Vv=VM code, C=native code)
V  [jvm.dll+0x33e5f9]
V  [jvm.dll+0x2850e2]
V  [jvm.dll+0x285d8d]
V  [jvm.dll+0x27c895]
V  [jvm.dll+0xe4d6c]
V  [jvm.dll+0xe556c]
V  [jvm.dll+0x47ed35]
V  [jvm.dll+0x446900]
V  [jvm.dll+0x44f8f5]
V  [jvm.dll+0x44ecb5]
V  [jvm.dll+0x439bc7]
V  [jvm.dll+0xbbbcb]
V  [jvm.dll+0xba22b]
V  [jvm.dll+0x24d962]
V  [jvm.dll+0x2a1cfc]
C  [ucrtbase.dll+0x20e82]
C  [KERNEL32.DLL+0x17bd4]
C  [ntdll.dll+0x6ce51]


Current CompileTask:
C2: 856380 1461       4       java.awt.Container::getChildAt (54 bytes)


---------------  P R O C E S S  ---------------

Java Threads: ( => current thread )
  0x0000023e6dd24800 JavaThread "TimerQueue" daemon [_thread_blocked, id=31332, stack(0x0000005217500000,0x0000005217600000)]
  0x0000023e6d45a000 JavaThread "Image Fetcher 0" daemon [_thread_blocked, id=24560, stack(0x0000005217400000,0x0000005217500000)]
  0x0000023e545a7800 JavaThread "DestroyJavaVM" [_thread_blocked, id=22588, stack(0x0000005217700000,0x0000005217800000)]
  0x0000023e6d623800 JavaThread "AWT-EventQueue-0" [_thread_in_native, id=21892, stack(0x0000005219000000,0x0000005219100000)]
  0x0000023e6c7aa000 JavaThread "AWT-Windows" daemon [_thread_in_native, id=27160, stack(0x0000005218d00000,0x0000005218e00000)]
  0x0000023e6c7a9000 JavaThread "AWT-Shutdown" [_thread_blocked, id=25012, stack(0x0000005218c00000,0x0000005218d00000)]
  0x0000023e6c7fa800 JavaThread "Java2D Disposer" daemon [_thread_blocked, id=11348, stack(0x0000005218b00000,0x0000005218c00000)]
  0x0000023e6b1be000 JavaThread "Service Thread" daemon [_thread_blocked, id=26816, stack(0x0000005218900000,0x0000005218a00000)]
  0x0000023e6b1a0800 JavaThread "C1 CompilerThread3" daemon [_thread_blocked, id=14004, stack(0x0000005218800000,0x0000005218900000)]
=>0x0000023e6b19c000 JavaThread "C2 CompilerThread2" daemon [_thread_in_native, id=18444, stack(0x0000005218700000,0x0000005218800000)]
  0x0000023e6b18d000 JavaThread "C2 CompilerThread1" daemon [_thread_blocked, id=13348, stack(0x0000005218600000,0x0000005218700000)]
  0x0000023e6b18a000 JavaThread "C2 CompilerThread0" daemon [_thread_blocked, id=19900, stack(0x0000005218500000,0x0000005218600000)]
  0x0000023e6b13b000 JavaThread "Attach Listener" daemon [_thread_blocked, id=26412, stack(0x0000005218400000,0x0000005218500000)]
  0x0000023e6b139800 JavaThread "Signal Dispatcher" daemon [_thread_blocked, id=23504, stack(0x0000005218300000,0x0000005218400000)]
  0x0000023e6b110000 JavaThread "Finalizer" daemon [_thread_blocked, id=10312, stack(0x0000005218200000,0x0000005218300000)]
  0x0000023e6b0e9800 JavaThread "Reference Handler" daemon [_thread_blocked, id=20024, stack(0x0000005218100000,0x0000005218200000)]

Other Threads:
  0x0000023e6b0e3000 VMThread [stack: 0x0000005218000000,0x0000005218100000] [id=23020]
  0x0000023e6c512800 WatcherThread [stack: 0x0000005218a00000,0x0000005218b00000] [id=23192]

VM state:not at safepoint (normal execution)

VM Mutex/Monitor currently owned by a thread: None

heap address: 0x0000000083200000, size: 1998 MB, Compressed Oops mode: 32-bit
Narrow klass base: 0x0000000000000000, Narrow klass shift: 3
Compressed class space size: 1073741824 Address: 0x0000000100000000

Heap:
 PSYoungGen      total 37888K, used 16005K [0x00000000d6600000, 0x00000000db000000, 0x0000000100000000)
  eden space 32768K, 48% used [0x00000000d6600000,0x00000000d75a14c8,0x00000000d8600000)
  from space 5120K, 0% used [0x00000000dab00000,0x00000000dab00000,0x00000000db000000)
  to   space 5120K, 0% used [0x00000000d8600000,0x00000000d8600000,0x00000000d8b00000)
 ParOldGen       total 100864K, used 29438K [0x0000000083200000, 0x0000000089480000, 0x00000000d6600000)
  object space 100864K, 29% used [0x0000000083200000,0x0000000084ebfb50,0x0000000089480000)
 Metaspace       used 12329K, capacity 12582K, committed 12672K, reserved 1060864K
  class space    used 1527K, capacity 1625K, committed 1664K, reserved 1048576K

Card table byte_map: [0x0000023e65300000,0x0000023e656f0000] byte_map_base: 0x0000023e64ee7000

Marking Bits: (ParMarkBitMap*) 0x0000000052954fb0
 Begin Bits: [0x0000023e65990000, 0x0000023e678c8000)
 End Bits:   [0x0000023e678c8000, 0x0000023e69800000)

Polling page: 0x0000023e548f0000

CodeCache: size=245760Kb used=5240Kb max_used=5240Kb free=240519Kb
 bounds [0x0000023e55f40000, 0x0000023e56470000, 0x0000023e64f40000]
 total_blobs=1965 nmethods=1460 adapters=416
 compilation: enabled

Compilation events (10 events):
Event: 856.140 Thread 0x0000023e6b1a0800 nmethod 1455 0x0000023e5645da50 code [0x0000023e5645dc60, 0x0000023e5645e8d0]
Event: 856.141 Thread 0x0000023e6b1a0800 1456       3       java.lang.reflect.Field::getBoolean (51 bytes)
Event: 856.141 Thread 0x0000023e6b1a0800 nmethod 1456 0x0000023e5645ed10 code [0x0000023e5645eee0, 0x0000023e5645f510]
Event: 856.141 Thread 0x0000023e6b1a0800 1457       3       sun.reflect.UnsafeBooleanFieldAccessorImpl::getBoolean (17 bytes)
Event: 856.141 Thread 0x0000023e6b1a0800 nmethod 1457 0x0000023e5645f710 code [0x0000023e5645f8e0, 0x0000023e56460340]
Event: 856.148 Thread 0x0000023e6b1a0800 1459       3       sun.awt.windows.WInputMethod::dispatchEvent (66 bytes)
Event: 856.148 Thread 0x0000023e6b1a0800 nmethod 1459 0x0000023e56460750 code [0x0000023e56460900, 0x0000023e564611c0]
Event: 856.206 Thread 0x0000023e6b1a0800 1460       1       javax.swing.Timer::getLock (5 bytes)
Event: 856.206 Thread 0x0000023e6b1a0800 nmethod 1460 0x0000023e56452750 code [0x0000023e564528a0, 0x0000023e564529b8]
Event: 856.332 Thread 0x0000023e6b19c000 1461       4       java.awt.Container::getChildAt (54 bytes)

GC Heap History (6 events):
Event: 0.801 GC heap before
{Heap before GC invocations=1 (full 0):
 PSYoungGen      total 37888K, used 32768K [0x00000000d6600000, 0x00000000d9000000, 0x0000000100000000)
  eden space 32768K, 100% used [0x00000000d6600000,0x00000000d8600000,0x00000000d8600000)
  from space 5120K, 0% used [0x00000000d8b00000,0x00000000d8b00000,0x00000000d9000000)
  to   space 5120K, 0% used [0x00000000d8600000,0x00000000d8600000,0x00000000d8b00000)
 ParOldGen       total 86016K, used 0K [0x0000000083200000, 0x0000000088600000, 0x00000000d6600000)
  object space 86016K, 0% used [0x0000000083200000,0x0000000083200000,0x0000000088600000)
 Metaspace       used 7645K, capacity 7812K, committed 7936K, reserved 1056768K
  class space    used 932K, capacity 1002K, committed 1024K, reserved 1048576K
Event: 0.815 GC heap after
Heap after GC invocations=1 (full 0):
 PSYoungGen      total 37888K, used 5112K [0x00000000d6600000, 0x00000000db000000, 0x0000000100000000)
  eden space 32768K, 0% used [0x00000000d6600000,0x00000000d6600000,0x00000000d8600000)
  from space 5120K, 99% used [0x00000000d8600000,0x00000000d8afe0c0,0x00000000d8b00000)
  to   space 5120K, 0% used [0x00000000dab00000,0x00000000dab00000,0x00000000db000000)
 ParOldGen       total 86016K, used 37275K [0x0000000083200000, 0x0000000088600000, 0x00000000d6600000)
  object space 86016K, 43% used [0x0000000083200000,0x0000000085666e68,0x0000000088600000)
 Metaspace       used 7645K, capacity 7812K, committed 7936K, reserved 1056768K
  class space    used 932K, capacity 1002K, committed 1024K, reserved 1048576K
}
Event: 854.663 GC heap before
{Heap before GC invocations=2 (full 0):
 PSYoungGen      total 37888K, used 37880K [0x00000000d6600000, 0x00000000db000000, 0x0000000100000000)
  eden space 32768K, 100% used [0x00000000d6600000,0x00000000d8600000,0x00000000d8600000)
  from space 5120K, 99% used [0x00000000d8600000,0x00000000d8afe0c0,0x00000000d8b00000)
  to   space 5120K, 0% used [0x00000000dab00000,0x00000000dab00000,0x00000000db000000)
 ParOldGen       total 86016K, used 37275K [0x0000000083200000, 0x0000000088600000, 0x00000000d6600000)
  object space 86016K, 43% used [0x0000000083200000,0x0000000085666e68,0x0000000088600000)
 Metaspace       used 10102K, capacity 10300K, committed 10624K, reserved 1058816K
  class space    used 1225K, capacity 1292K, committed 1408K, reserved 1048576K
Event: 854.676 GC heap after
Heap after GC invocations=2 (full 0):
 PSYoungGen      total 37888K, used 5115K [0x00000000d6600000, 0x00000000db000000, 0x0000000100000000)
  eden space 32768K, 0% used [0x00000000d6600000,0x00000000d6600000,0x00000000d8600000)
  from space 5120K, 99% used [0x00000000dab00000,0x00000000daffee98,0x00000000db000000)
  to   space 5120K, 0% used [0x00000000d8600000,0x00000000d8600000,0x00000000d8b00000)
 ParOldGen       total 86016K, used 69123K [0x0000000083200000, 0x0000000088600000, 0x00000000d6600000)
  object space 86016K, 80% used [0x0000000083200000,0x0000000087580e78,0x0000000088600000)
 Metaspace       used 10102K, capacity 10300K, committed 10624K, reserved 1058816K
  class space    used 1225K, capacity 1292K, committed 1408K, reserved 1048576K
}
Event: 854.676 GC heap before
{Heap before GC invocations=3 (full 1):
 PSYoungGen      total 37888K, used 5115K [0x00000000d6600000, 0x00000000db000000, 0x0000000100000000)
  eden space 32768K, 0% used [0x00000000d6600000,0x00000000d6600000,0x00000000d8600000)
  from space 5120K, 99% used [0x00000000dab00000,0x00000000daffee98,0x00000000db000000)
  to   space 5120K, 0% used [0x00000000d8600000,0x00000000d8600000,0x00000000d8b00000)
 ParOldGen       total 86016K, used 69123K [0x0000000083200000, 0x0000000088600000, 0x00000000d6600000)
  object space 86016K, 80% used [0x0000000083200000,0x0000000087580e78,0x0000000088600000)
 Metaspace       used 10102K, capacity 10300K, committed 10624K, reserved 1058816K
  class space    used 1225K, capacity 1292K, committed 1408K, reserved 1048576K
Event: 854.698 GC heap after
Heap after GC invocations=3 (full 1):
 PSYoungGen      total 37888K, used 0K [0x00000000d6600000, 0x00000000db000000, 0x0000000100000000)
  eden space 32768K, 0% used [0x00000000d6600000,0x00000000d6600000,0x00000000d8600000)
  from space 5120K, 0% used [0x00000000dab00000,0x00000000dab00000,0x00000000db000000)
  to   space 5120K, 0% used [0x00000000d8600000,0x00000000d8600000,0x00000000d8b00000)
 ParOldGen       total 100864K, used 29438K [0x0000000083200000, 0x0000000089480000, 0x00000000d6600000)
  object space 100864K, 29% used [0x0000000083200000,0x0000000084ebfb50,0x0000000089480000)
 Metaspace       used 10102K, capacity 10300K, committed 10624K, reserved 1058816K
  class space    used 1225K, capacity 1292K, committed 1408K, reserved 1048576K
}

Deoptimization events (10 events):
Event: 0.627 Thread 0x0000023e6c867800 Uncommon trap: reason=unstable_if action=reinterpret pc=0x0000023e5615ad90 method=java.lang.Math.round(F)I @ 23
Event: 0.679 Thread 0x0000023e6c867800 Uncommon trap: reason=unstable_if action=reinterpret pc=0x0000023e56128e8c method=sun.awt.image.ImageRepresentation.getOpaqueRGBImage()Ljava/awt/image/BufferedImage; @ 57
Event: 0.687 Thread 0x0000023e6c867800 Uncommon trap: reason=unstable_if action=reinterpret pc=0x0000023e5616ebd8 method=java.awt.image.AreaAveragingScaleFilter.accumPixels(IIIILjava/awt/image/ColorModel;Ljava/lang/Object;II)V @ 4
Event: 0.687 Thread 0x0000023e6c867800 Uncommon trap: reason=unstable_if action=reinterpret pc=0x0000023e56155108 method=java.awt.image.AreaAveragingScaleFilter.accumPixels(IIIILjava/awt/image/ColorModel;Ljava/lang/Object;II)V @ 280
Event: 1.172 Thread 0x0000023e545a7800 Uncommon trap: reason=unstable_if action=reinterpret pc=0x0000023e56255d84 method=java.lang.Character.isSurrogate(C)Z @ 3
Event: 1.172 Thread 0x0000023e545a7800 Uncommon trap: reason=unstable_if action=reinterpret pc=0x0000023e561b1fdc method=java.lang.String.toLowerCase(Ljava/util/Locale;)Ljava/lang/String; @ 37
Event: 1.250 Thread 0x0000023e545a7800 Uncommon trap: reason=unstable_if action=reinterpret pc=0x0000023e5624fc20 method=sun.font.TrueTypeFont.getDirectoryEntry(I)Lsun/font/TrueTypeFont$DirectoryEntry; @ 7
Event: 854.822 Thread 0x0000023e6d623800 Uncommon trap: reason=unstable_if action=reinterpret pc=0x0000023e5628d78c method=sun.nio.ch.Util$BufferCache.get(I)Ljava/nio/ByteBuffer; @ 25
Event: 854.944 Thread 0x0000023e6d623800 Uncommon trap: reason=unstable_if action=reinterpret pc=0x0000023e563616e0 method=java.awt.Container.findComponentAtImpl(IIZ)Ljava/awt/Component; @ 131
Event: 854.956 Thread 0x0000023e6d623800 Uncommon trap: reason=unstable_if action=reinterpret pc=0x0000023e56249c90 method=java.lang.ThreadLocal$ThreadLocalMap.getEntry(Ljava/lang/ThreadLocal;)Ljava/lang/ThreadLocal$ThreadLocalMap$Entry; @ 21

Classes redefined (0 events):
No events

Internal exceptions (10 events):
Event: 0.209 Thread 0x0000023e545a7800 Exception <a 'java/security/PrivilegedActionException'> (0x00000000d66ee4e8) thrown at [C:\jenkins\workspace\8-2-build-windows-amd64-cygwin\jdk8u261\295\hotspot\src\share\vm\prims\jvm.cpp, line 1512]
Event: 0.211 Thread 0x0000023e545a7800 Exception <a 'java/security/PrivilegedActionException'> (0x00000000d66f2158) thrown at [C:\jenkins\workspace\8-2-build-windows-amd64-cygwin\jdk8u261\295\hotspot\src\share\vm\prims\jvm.cpp, line 1512]
Event: 0.211 Thread 0x0000023e545a7800 Exception <a 'java/security/PrivilegedActionException'> (0x00000000d66f2368) thrown at [C:\jenkins\workspace\8-2-build-windows-amd64-cygwin\jdk8u261\295\hotspot\src\share\vm\prims\jvm.cpp, line 1512]
Event: 0.222 Thread 0x0000023e545a7800 Exception <a 'java/io/FileNotFoundException'> (0x00000000d66f4e70) thrown at [C:\jenkins\workspace\8-2-build-windows-amd64-cygwin\jdk8u261\295\hotspot\src\share\vm\prims\jni.cpp, line 710]
Event: 0.281 Thread 0x0000023e545a7800 Exception <a 'java/lang/NoSuchFieldError': method resolution failed> (0x00000000d686a278) thrown at [C:\jenkins\workspace\8-2-build-windows-amd64-cygwin\jdk8u261\295\hotspot\src\share\vm\prims\methodHandles.cpp, line 1169]
Event: 0.283 Thread 0x0000023e545a7800 Exception <a 'java/lang/NoSuchFieldError': method resolution failed> (0x00000000d6877648) thrown at [C:\jenkins\workspace\8-2-build-windows-amd64-cygwin\jdk8u261\295\hotspot\src\share\vm\prims\methodHandles.cpp, line 1169]
Event: 0.337 Thread 0x0000023e545a7800 Exception <a 'java/io/FileNotFoundException'> (0x00000000d69106e8) thrown at [C:\jenkins\workspace\8-2-build-windows-amd64-cygwin\jdk8u261\295\hotspot\src\share\vm\prims\jni.cpp, line 710]
Event: 0.853 Thread 0x0000023e545a7800 Exception <a 'java/io/FileNotFoundException'> (0x00000000d66cf988) thrown at [C:\jenkins\workspace\8-2-build-windows-amd64-cygwin\jdk8u261\295\hotspot\src\share\vm\prims\jni.cpp, line 710]
Event: 0.853 Thread 0x0000023e545a7800 Exception <a 'java/lang/NullPointerException'> (0x00000000d66d0030) thrown at [C:\jenkins\workspace\8-2-build-windows-amd64-cygwin\jdk8u261\295\hotspot\src\share\vm\interpreter\linkResolver.cpp, line 1185]
Event: 854.956 Thread 0x0000023e6d623800 Implicit null exception at 0x0000023e56249bfb to 0x0000023e56249c71

Events (10 events):
Event: 856.132 loading class java/util/concurrent/TimeUnit$3
Event: 856.132 loading class java/util/concurrent/TimeUnit$3 done
Event: 856.132 loading class java/util/concurrent/TimeUnit$4
Event: 856.132 loading class java/util/concurrent/TimeUnit$4 done
Event: 856.132 loading class java/util/concurrent/TimeUnit$5
Event: 856.132 loading class java/util/concurrent/TimeUnit$5 done
Event: 856.132 loading class java/util/concurrent/TimeUnit$6
Event: 856.132 loading class java/util/concurrent/TimeUnit$6 done
Event: 856.132 loading class java/util/concurrent/TimeUnit$7
Event: 856.132 loading class java/util/concurrent/TimeUnit$7 done


Dynamic libraries:
0x00007ff7739f0000 - 0x00007ff773a37000 	C:\Program Files\Java\jre1.8.0_261\bin\javaw.exe
0x00007ff8e8a60000 - 0x00007ff8e8c50000 	C:\Windows\SYSTEM32\ntdll.dll
0x00007ff8e7110000 - 0x00007ff8e71c2000 	C:\Windows\System32\KERNEL32.DLL
0x00007ff8e5c70000 - 0x00007ff8e5f15000 	C:\Windows\System32\KERNELBASE.dll
0x00007ff8e6d00000 - 0x00007ff8e6da3000 	C:\Windows\System32\ADVAPI32.dll
0x00007ff8e6b90000 - 0x00007ff8e6c2e000 	C:\Windows\System32\msvcrt.dll
0x00007ff8e8210000 - 0x00007ff8e82a7000 	C:\Windows\System32\sechost.dll
0x00007ff8e6fc0000 - 0x00007ff8e70e0000 	C:\Windows\System32\RPCRT4.dll
0x00007ff8e7700000 - 0x00007ff8e7895000 	C:\Windows\System32\USER32.dll
0x00007ff8e5a50000 - 0x00007ff8e5a71000 	C:\Windows\System32\win32u.dll
0x00007ff8e81e0000 - 0x00007ff8e8206000 	C:\Windows\System32\GDI32.dll
0x00007ff8e5ad0000 - 0x00007ff8e5c66000 	C:\Windows\System32\gdi32full.dll
0x00007ff8e6a70000 - 0x00007ff8e6b0e000 	C:\Windows\System32\msvcp_win.dll
0x00007ff8e5f40000 - 0x00007ff8e603a000 	C:\Windows\System32\ucrtbase.dll
0x00007ff8c8ba0000 - 0x00007ff8c8e24000 	C:\Windows\WinSxS\amd64_microsoft.windows.common-controls_6595b64144ccf1df_6.0.18362.1082_none_9e8193e1e45b25c1\COMCTL32.dll
0x00007ff8e85c0000 - 0x00007ff8e88f5000 	C:\Windows\System32\combase.dll
0x00007ff8e69c0000 - 0x00007ff8e6a40000 	C:\Windows\System32\bcryptPrimitives.dll
0x00007ff8e70e0000 - 0x00007ff8e710e000 	C:\Windows\System32\IMM32.DLL
0x00007ff8bfc00000 - 0x00007ff8bfc15000 	C:\Program Files\Java\jre1.8.0_261\bin\vcruntime140.dll
0x00007ff8b5450000 - 0x00007ff8b54eb000 	C:\Program Files\Java\jre1.8.0_261\bin\msvcp140.dll
0x0000000052160000 - 0x00000000529cc000 	C:\Program Files\Java\jre1.8.0_261\bin\server\jvm.dll
0x00007ff8e71d0000 - 0x00007ff8e71d8000 	C:\Windows\System32\PSAPI.DLL
0x00007ff8de380000 - 0x00007ff8de38a000 	C:\Windows\SYSTEM32\VERSION.dll
0x00007ff8e2d00000 - 0x00007ff8e2d24000 	C:\Windows\SYSTEM32\WINMM.dll
0x00007ff8ddb70000 - 0x00007ff8ddb79000 	C:\Windows\SYSTEM32\WSOCK32.dll
0x00007ff8e7f90000 - 0x00007ff8e7fff000 	C:\Windows\System32\WS2_32.dll
0x00007ff8e2cd0000 - 0x00007ff8e2cfd000 	C:\Windows\SYSTEM32\winmmbase.dll
0x00007ff8e5a80000 - 0x00007ff8e5aca000 	C:\Windows\System32\cfgmgr32.dll
0x00007ff8e5930000 - 0x00007ff8e5941000 	C:\Windows\System32\kernel.appcore.dll
0x00007ff8ddb60000 - 0x00007ff8ddb70000 	C:\Program Files\Java\jre1.8.0_261\bin\verify.dll
0x00007ff8c0ee0000 - 0x00007ff8c0f0b000 	C:\Program Files\Java\jre1.8.0_261\bin\java.dll
0x00007ff8d63f0000 - 0x00007ff8d6408000 	C:\Program Files\Java\jre1.8.0_261\bin\zip.dll
0x00007ff8e78a0000 - 0x00007ff8e7f87000 	C:\Windows\System32\SHELL32.dll
0x00007ff8e71e0000 - 0x00007ff8e7289000 	C:\Windows\System32\shcore.dll
0x00007ff8e6040000 - 0x00007ff8e67c0000 	C:\Windows\System32\windows.storage.dll
0x00007ff8e59c0000 - 0x00007ff8e59e3000 	C:\Windows\System32\profapi.dll
0x00007ff8e5970000 - 0x00007ff8e59ba000 	C:\Windows\System32\powrprof.dll
0x00007ff8e5920000 - 0x00007ff8e5930000 	C:\Windows\System32\UMPDC.dll
0x00007ff8e6dc0000 - 0x00007ff8e6e12000 	C:\Windows\System32\shlwapi.dll
0x00007ff8e5f20000 - 0x00007ff8e5f37000 	C:\Windows\System32\cryptsp.dll
0x00007ff8aefe0000 - 0x00007ff8af174000 	C:\Program Files\Java\jre1.8.0_261\bin\awt.dll
0x00007ff8e8390000 - 0x00007ff8e8455000 	C:\Windows\System32\OLEAUT32.dll
0x00007ff8e34e0000 - 0x00007ff8e356f000 	C:\Windows\SYSTEM32\apphelp.dll
0x00007ff8e3da0000 - 0x00007ff8e3dcd000 	C:\Windows\system32\DWMAPI.DLL
0x00007ff8e3970000 - 0x00007ff8e3a09000 	C:\Windows\system32\uxtheme.dll
0x00007ff8d75c0000 - 0x00007ff8d7716000 	C:\Windows\system32\opengl32.dll
0x00007ff8e0350000 - 0x00007ff8e037c000 	C:\Windows\SYSTEM32\GLU32.dll
0x00007ff8e4570000 - 0x00007ff8e4590000 	C:\Windows\SYSTEM32\dxcore.dll
0x00007ff8e6e80000 - 0x00007ff8e6fb5000 	C:\Windows\System32\MSCTF.dll
0x00007ff8e8460000 - 0x00007ff8e85b7000 	C:\Windows\System32\ole32.dll
0x00007ff8bb320000 - 0x00007ff8bb369000 	C:\Program Files\Java\jre1.8.0_261\bin\fontmanager.dll
0x00007ff8d3b40000 - 0x00007ff8d3b5c000 	C:\Program Files\Java\jre1.8.0_261\bin\net.dll
0x00007ff8e5110000 - 0x00007ff8e5177000 	C:\Windows\system32\mswsock.dll
0x00007ff8c4730000 - 0x00007ff8c4743000 	C:\Program Files\Java\jre1.8.0_261\bin\nio.dll
0x00007ff8b4df0000 - 0x00007ff8b4e33000 	C:\Program Files\Java\jre1.8.0_261\bin\t2k.dll
0x00007ff8d1bc0000 - 0x00007ff8d1c5e000 	C:\Windows\System32\TextInputFramework.dll
0x00007ff8e30a0000 - 0x00007ff8e3174000 	C:\Windows\System32\CoreMessaging.dll
0x00007ff8e04a0000 - 0x00007ff8e07ca000 	C:\Windows\System32\CoreUIComponents.dll
0x00007ff8e0e70000 - 0x00007ff8e0fc3000 	C:\Windows\SYSTEM32\wintypes.dll
0x00007ff8e4960000 - 0x00007ff8e4991000 	C:\Windows\SYSTEM32\ntmarta.dll
0x00007ff8d6e40000 - 0x00007ff8d70e6000 	C:\Windows\System32\iertutil.dll
0x00007ff8e8900000 - 0x00007ff8e89a2000 	C:\Windows\System32\clbcatq.dll
0x00007ff8bb5b0000 - 0x00007ff8bb67f000 	C:\Windows\System32\IME\IMEKR\imkrtip.dll
0x00007ff8e18e0000 - 0x00007ff8e19d0000 	C:\Windows\SYSTEM32\PROPSYS.dll
0x00007ff8ba5e0000 - 0x00007ff8ba718000 	C:\Windows\System32\IME\shared\imetip.dll
0x00007ff8e0200000 - 0x00007ff8e0265000 	C:\Windows\SYSTEM32\OLEACC.dll
0x00007ff8b5ed0000 - 0x00007ff8b6083000 	C:\Windows\SYSTEM32\DUI70.dll
0x00007ff8bb7a0000 - 0x00007ff8bb7de000 	C:\Windows\System32\IME\IMEKR\imkrapi.dll
0x00007ff8bb730000 - 0x00007ff8bb76c000 	C:\Windows\System32\IME\shared\imjkapi.dll
0x00007ff8df930000 - 0x00007ff8dfadf000 	C:\Windows\SYSTEM32\WindowsCodecs.dll
0x00007ff8cebf0000 - 0x00007ff8cec2a000 	C:\Windows\system32\dataexchange.dll
0x00007ff8e2af0000 - 0x00007ff8e2ccd000 	C:\Windows\system32\dcomp.dll
0x00007ff8e2430000 - 0x00007ff8e268b000 	C:\Windows\system32\d3d11.dll
0x00007ff8e4600000 - 0x00007ff8e46eb000 	C:\Windows\system32\dxgi.dll
0x00007ff8e3a40000 - 0x00007ff8e3ca2000 	C:\Windows\system32\twinapi.appcore.dll
0x00007ff8e3f60000 - 0x00007ff8e3f89000 	C:\Windows\system32\RMCLIENT.dll
0x00007ff8e42c0000 - 0x00007ff8e44b4000 	C:\Windows\SYSTEM32\dbghelp.dll

VM Arguments:
jvm_args: -Dfile.encoding=UTF-8 
java_command: Menu
java_class_path (initial): C:\Program Files\Java\jre1.8.0_261\lib\resources.jar;C:\Program Files\Java\jre1.8.0_261\lib\rt.jar;C:\Program Files\Java\jre1.8.0_261\lib\jsse.jar;C:\Program Files\Java\jre1.8.0_261\lib\jce.jar;C:\Program Files\Java\jre1.8.0_261\lib\charsets.jar;C:\Program Files\Java\jre1.8.0_261\lib\jfr.jar;C:\Program Files\Java\jre1.8.0_261\lib\ext\access-bridge-64.jar;C:\Program Files\Java\jre1.8.0_261\lib\ext\cldrdata.jar;C:\Program Files\Java\jre1.8.0_261\lib\ext\dnsns.jar;C:\Program Files\Java\jre1.8.0_261\lib\ext\jaccess.jar;C:\Program Files\Java\jre1.8.0_261\lib\ext\jfxrt.jar;C:\Program Files\Java\jre1.8.0_261\lib\ext\localedata.jar;C:\Program Files\Java\jre1.8.0_261\lib\ext\nashorn.jar;C:\Program Files\Java\jre1.8.0_261\lib\ext\sunec.jar;C:\Program Files\Java\jre1.8.0_261\lib\ext\sunjce_provider.jar;C:\Program Files\Java\jre1.8.0_261\lib\ext\sunmscapi.jar;C:\Program Files\Java\jre1.8.0_261\lib\ext\sunpkcs11.jar;C:\Program Files\Java\jre1.8.0_261\lib\ext\zipfs.jar;C:\Users\yyj01\OneDrive\문서\GitHub\JavaProject\JavaProject\CoffeePos\bin
Launcher Type: SUN_STANDARD

Environment Variables:
PATH=C:/Program Files/Java/jre1.8.0_261/bin/server;C:/Program Files/Java/jre1.8.0_261/bin;C:/Program Files/Java/jre1.8.0_261/lib/amd64;C:\Program Files (x86)\Common Files\Oracle\Java\javapath;C:\Program Files (x86)\Intel\Intel(R) Management Engine Components\iCLS\;C:\Program Files\Intel\Intel(R) Management Engine Components\iCLS\;C:\Windows\system32;C:\Windows;C:\Windows\System32\Wbem;C:\Windows\System32\WindowsPowerShell\v1.0\;C:\Windows\System32\OpenSSH\;C:\Program Files (x86)\Intel\Intel(R) Management Engine Components\DAL;C:\Program Files\Intel\Intel(R) Management Engine Components\DAL;C:\Program Files\Git\cmd;C:\Program Files\Java\jdk-14.0.1\bin;C:\Program Files\Java\jdk-14.0.1\bin;C:\Users\yyj01\AppData\Local\GitHubDesktop\bin;C:\Users\yyj01\AppData\Local\atom\bin;C:\국비\install\eclipse;
USERNAME=yyj01
OS=Windows_NT
PROCESSOR_IDENTIFIER=Intel64 Family 6 Model 142 Stepping 12, GenuineIntel



---------------  S Y S T E M  ---------------

OS: Windows 10.0 , 64 bit Build 18362 (10.0.18362.1082)

CPU:total 8 (initial active 8) (4 cores per cpu, 2 threads per core) family 6 model 142 stepping 12, cmov, cx8, fxsr, mmx, sse, sse2, sse3, ssse3, sse4.1, sse4.2, popcnt, avx, avx2, aes, clmul, erms, 3dnowpref, lzcnt, ht, tsc, tscinvbit, bmi1, bmi2, adx

Memory: 4k page, physical 8177696k(465612k free), swap 33343520k(4192k free)

vm_info: Java HotSpot(TM) 64-Bit Server VM (25.261-b12) for windows-amd64 JRE (1.8.0_261-b12), built on Jun 18 2020 06:56:32 by "" with unknown MS VC++:1916

time: Wed Oct 14 22:05:54 2020
timezone: ´eCN¹I±¹ C￥AØ½A
elapsed time: 856 seconds (0d 0h 14m 16s)

